1552968027305	mozrunner::runner	INFO	Running command: "C:\\Program Files\\Mozilla Firefox\\firefox.exe" "-marionette" "-foreground" "-no-remote" "-profile" "C:\\Users\\mcron\\AppData\\Local\\Temp\\rust_mozprofile.Xyn9sjtF8YbA"
1552968028153	addons.webextension.screenshots@mozilla.org	WARN	Loading extension 'screenshots@mozilla.org': Reading manifest: Invalid host permission: resource://pdf.js/
1552968028153	addons.webextension.screenshots@mozilla.org	WARN	Loading extension 'screenshots@mozilla.org': Reading manifest: Invalid host permission: about:reader*
1552968031167	Marionette	INFO	Listening on port 54835
1552968031270	Marionette	WARN	TLS certificate errors will be ignored for this session
JavaScript warning: https://cf.geekdo-static.com/static/js_master2_5c900b090cf3b.js, line 5021: unreachable code after return statement
JavaScript warning: https://cf.geekdo-static.com/static/js_master2_5c900b090cf3b.js, line 5174: unreachable code after return statement
JavaScript warning: https://cf.geekdo-static.com/static/js_master2_5c900b090cf3b.js, line 5207: unreachable code after return statement
JavaScript warning: https://cf.geekdo-static.com/static/js_master2_5c900b090cf3b.js, line 3856: String.toLowerCase is deprecated; use String.prototype.toLowerCase instead
[Child 39784, Chrome_ChildThread] WARNING: pipe error: 109: file z:/build/build/src/ipc/chromium/src/chrome/common/ipc_channel_win.cc, line 332
[Child 39784, Chrome_ChildThread] WARNING: pipe error: 109: file z:/buil[Parent 36552, Gecko_IOThread] WARNING: pipe error: 109: file z:/build/build/src/ipc/chromium/src/chrome/common/ipc_channel_win.cc, line 332
[Child 2840, Chrome_ChildThread] WARNING: pipe error: 109: file z:/build/build/src/ipc/chromium/src/chrome/common/ipc_channel_win.cc, line 332
[Chil1552968040455	Marionette	INFO	Stopped listening on port 54835
[GPU
###!!! [Child][MessageChannel::SendAndWait] Error: Channel error: cannot send/recv

1552968533640	mozrunner::runner	INFO	Running command: "C:\\Program Files\\Mozilla Firefox\\firefox.exe" "-marionette" "-foreground" "-no-remote" "-profile" "C:\\Users\\mcron\\AppData\\Local\\Temp\\rust_mozprofile.69wq7L9eitMx"
1552968534511	addons.webextension.screenshots@mozilla.org	WARN	Loading extension 'screenshots@mozilla.org': Reading manifest: Invalid host permission: resource://pdf.js/
1552968534511	addons.webextension.screenshots@mozilla.org	WARN	Loading extension 'screenshots@mozilla.org': Reading manifest: Invalid host permission: about:reader*
1552968537563	Marionette	INFO	Listening on port 55452
1552968537636	Marionette	WARN	TLS certificate errors will be ignored for this session
JavaScript warning: https://cf.geekdo-static.com/static/js_master2_5c900b090cf3b.js, line 5021: unreachable code after return statement
JavaScript warning: https://cf.geekdo-static.com/static/js_master2_5c900b090cf3b.js, line 5174: unreachable code after return statement
JavaScript warning: https://cf.geekdo-static.com/static/js_master2_5c900b090cf3b.js, line 5207: unreachable code after return statement
JavaScript warning: https://cf.geekdo-static.com/static/js_master2_5c900b090cf3b.js, line 3856: String.toLowerCase is deprecated; use String.prototype.toLowerCase instead
console.error: BroadcastService: 
  receivedBroadcastMessage: handler for
  remote-settings/monitor_changes
  threw error:
  Message: Error: Polling for changes failed: NetworkError when attempting to fetch resource..
  Stack:
    remoteSettingsFunction/remoteSettings.pollChanges@resource://services-settings/remote-settings.js:188:13

console.error: "Error while calling actor 'layout's method 'getGrids'" "node is null"
console.error: "getGrids@resource://devtools/server/actors/layout.js:455:11\ngetGrids@resource://devtools/server/actors/layout.js:460:38\nhandler@resource://devtools/shared/protocol.js:1197:21\nonPacket@resource://devtools/server/main.js:1324:15\nreceiveMessage@resource://devtools/shared/transport/child-transport.js:66:5\n"
console.error: "Error while calling actor 'layout's method 'getGrids'" "node is null"
console.error: "getGrids@resource://devtools/server/actors/layout.js:455:11\ngetGrids@resource://devtools/server/actors/layout.js:460:38\ngetGrids@resource://devtools/server/actors/layout.js:460:38\ngetGrids@resource://devtools/server/actors/layout.js:460:38\nhandler@resource://devtools/shared/protocol.js:1197:21\nonPacket@resource://devtools/server/main.js:1324:15\nreceiveMessage@resource://devtools/shared/transport/child-transport.js:66:5\n"
JavaScript error: https://static.adsafeprotected.com/sca.17.4.95.js, line 33: TypeError: The ReadableStream reader was released.
[Parent 1584, Gecko_IOThread] WARNING: pipe error: 109: file z:/build/build/src/ipc/chromium/src/chrome/common/ipc_channel_win.cc, line 332
[Parent 1584, Gecko_IOThread] WARNING: pipe error: 109: file z:/build/build/src/ipc/chromium/src/chrome/common/ipc_channel_win.cc, line 332
[Parent 1584, Gecko_IOThread] WARNING: pipe error: 109: file z:/build/build/src/ipc/chromium/src/chrome/common/ipc_channel_win.cc, line 332
[Parent 1584, Gecko_IOThread] WARNING: pipe error: 109: file z:/build/build/src/ipc/chromium/src/chrome/common/ipc_channel_win.cc, line 332
[Parent 1584, Gecko_IOThread] WARNING: pipe error: 109: file z:/build/build/src/ipc/chromium/src/chrome/common/ipc_channel_win.cc, line 332
[Child 29212, Chrome_ChildThread] WARNING: pipe error: 109: file z:/build/build/src/ipc/chromium/src/chrome/common/ipc_channel_win.cc, line 332
[Child 29212, Chrome_ChildThread] WARNING: pipe error: 109: file z:/build/build/src/ipc/chromium/src/chrome/common/ipc_channel_win.cc, line 332
1552971080153	Marionette	INFO	Stopped listening on port 55452

###!!! [Child][MessageChannel::SendAndWait] Error: Channel error: cannot send/recv

://cf.geekdo-static.com/static/js_master2_5c900b090cf3b.js, line 5207: unreachable code after return statement
JavaScript warning: https://cf.geekdo-static.com/static/js_master2_5c900b090cf3b.js, line 3856: String.toLowerCase is deprecated; use String.prototype.toLowerCase instead
console.error: BroadcastService: 
  receivedBroadcastMessage: handler for
  remote-settings/monitor_changes
  threw error:
  Message: Error: Polling for changes failed: NetworkError when attempting to fetch resource..
  Stack:
    remoteSettingsFunction/remoteSettings.pollChanges@resource://services-settings/remote-settings.js:188:13

[Parent 42744, Gecko_IOThread] WARNING: pipe error: 109: file z:/build/build/src/ipc/chromium/src/chrome/common/ipc_channel_win.cc, line 332
[Parent 42744, Gecko_IOThread] WARNING: pipe error: 109: file z:/build/build/src/ipc/chromium/src/chrome/common/ipc_channel_win.cc, line 332
[Child 44124, Chrome_ChildThread] WARNING: pipe error: 109: file z:/build/build/src/ipc/chromium/src/chrome/common/ipc_channel_win.cc, line 332
[Child 44124, Chrome_ChildThread] WARNING: pipe error: 109: file z:/build/build/src/ipc/chromium/src/chrome/common/ipc_channel_win.cc, line 332
[Parent 42744, Gecko_IOThread] WARNING: pipe error: 109: file z:/build/build/src/ipc/chromium/src/chrome/common/ipc_channel_win.cc, line 332
1552971079635	Marionette	INFO	Stopped listening on port 57054

###!!! [Child][MessageChannel::SendAndWait] Error: Channel error: cannot send/recv

s://cf.geekdo-static.com/static/js_master2_5c900b090cf3b.js, line 5174: unreachable code after return statement
JavaScript warning: https://cf.geekdo-static.com/static/js_master2_5c900b090cf3b.js, line 5207: unreachable code after return statement
JavaScript warning: https://cf.geekdo-static.com/static/js_master2_5c900b090cf3b.js, line 3856: String.toLowerCase is deprecated; use String.prototype.toLowerCase instead
[Parent 41552, Gecko_IOThread] WARNING: pipe error: 109: file z:/build/build/src/ipc/chromium/src/chrome/common/ipc_channel_win.cc, line 332
[Parent 41552, Gecko_IOThread] WARNING: pipe error: 109: file z:/build/build/src/ipc/chromium/src/chrome/common/ipc_channel_win.cc, line 332
[Child 48624, Chrome_ChildThread] WARNING: pipe error: 109: file z:/build/build/src/ipc/chromium/src/chrome/common/ipc_channel_win.cc, line 332
1552971079992	Marionette	INFO	Stopped listening on port 57241

###!!! [Child][RunMessage] Error: Channel closing: too late to send/recv, messages will be lost


###!!! [Child][MessageChannel::SendAndWait] Error: Channel error: cannot send/recv

gnored for this session
JavaScript warning: https://cf.geekdo-static.com/static/js_master2_5c900b090cf3b.js, line 5021: unreachable code after return statement
JavaScript warning: https://cf.geekdo-static.com/static/js_master2_5c900b090cf3b.js, line 5174: unreachable code after return statement
JavaScript warning: https://cf.geekdo-static.com/static/js_master2_5c900b090cf3b.js, line 5207: unreachable code after return statement
JavaScript warning: https://cf.geekdo-static.com/static/js_master2_5c900b090cf3b.js, line 3856: String.toLowerCase is deprecated; use String.prototype.toLowerCase instead
[Child 13220, Chrome_ChildThread] WARNING: pipe error: 109: file z:/build/build/src/ipc/chromium/src/chrome/common/ipc_channel_win.cc, line 332
[Child 13220, Chrome_ChildThread] WARNING: pipe error: 109: file z:/build/build/src/ipc/chromium/src/chro[Child 18712, Chrome_ChildThread] WARNING: pipe error: 109: file z:/build/build/src/ipc/chromium/src/chrome/common/ipc_channel_win.cc, line 332
[Child 18712, Chrome_ChildThread] WARNING: pipe error: 109: file z:/buil[Parent 46828, Gecko_IOThread] WARNING: pipe error: 109: file z:/build/build/src/ipc/chromium/src/chrome/common/ipc_channel_win.cc, line 332
[Child 42600, Chrome_ChildThread] WARNING: pipe error: 109: file z:/build/build/src/ipc/chromium/src/chrome/common/ipc_channel_win.cc, line 332
[Child 42600, Chrome_ChildThread] WARNING: pipe error: 101552971079602	Marionette	INFO	Stopped listening on port 57413

###!!! [Child][MessageChannel::SendAndWait] Error: Channel error: cannot send/recv

return statement
JavaScript warning: https://cf.geekdo-static.com/static/js_master2_5c900b090cf3b.js, line 5207: unreachable code after return statement
JavaScript warning: https://cf.geekdo-static.com/static/js_master2_5c900b090cf3b.js, line 3856: String.toLowerCase is deprecated; use String.prototype.toLowerCase instead
[Child 35296, Chrome_ChildThread] WARNING: pipe error: 109: file z:/build/build/src/ipc/chromium/src/chrome/common/ipc_channel_win.cc, line 332
[Child 35296, Chrome_ChildThread] WARNING: pipe error: 109: file z:/build/build/src/ipc/chromium/src/chrome/common/ipc_channel_win.cc, line 332
[Child 22276, Chrome_ChildThread] WARNING: pipe error: 109: file z:/build/build/src/ipc/chromium/src/chrome/common/ipc_channel_win.cc, line 332
[Child 22276, Chrome_ChildThread] WARNING: pipe error: 109: file z:/build/build/src/ipc/chromium/src/chrome/common/ipc_channel_win.cc, line 332
1552971080540	Marionette	INFO	Stopped listening on port 57694

###!!! [Child][MessageChannel::SendAndWait] Error: Channel error: cannot send/recv

://cf.geekdo-static.com/static/js_master2_5c900b090cf3b.js, line 5021: unreachable code after return statement
JavaScript warning: https://cf.geekdo-static.com/static/js_master2_5c900b090cf3b.js, line 5174: unreachable code after return statement
JavaScript warning: https://cf.geekdo-static.com/static/js_master2_5c900b090cf3b.js, line 5207: unreachable code after return statement
JavaScript warning: https://cf.geekdo-static.com/static/js_master2_5c900b090cf3b.js, line 3856: String.toLowerCase is deprecated; use String.prototype.toLowerCase instead
[Child 11952, Chrome_ChildThread] WARNING: pipe error: 109: file z:/build/build/src/ipc/chromium/src/chrome/common/ipc_channel_win.cc, line 332
[Child 11952, Chrome_ChildThread] WARNING: pipe[Child 50940, Chrome_ChildThread] WARNING: pipe error: 109: file z:/build/build/src/ipc/chromium/src/chrom1552971079596	Marionette	INFO	Stopped listening on port 57847

###!!! [Child][RunMessage] Error: Channel closing: too late to send/recv, messages will be lost


###!!! [Child][MessageChannel::SendAndWait] Error: Channel error: cannot send/recv

bout:reader*
1552970859879	Marionette	INFO	Listening on port 58166
1552970859978	Marionette	WARN	TLS certificate errors will be ignored for this session
JavaScript warning: https://cf.geekdo-static.com/static/js_master2_5c900b090cf3b.js, line 5021: unreachable code after return statement
JavaScript warning: https://cf.geekdo-static.com/static/js_master2_5c900b090cf3b.js, line 5174: unreachable code after return statement
JavaScript warning: https://cf.geekdo-static.com/static/js_master2_5c900b090cf3b.js, line 5207: unreachable code after return statement
JavaScript warning: https://cf.geekdo-static.com/static/js_master2_5c900b090cf3b.js, line 3856: String.toLowerCase is deprecated; use String.prototype.toLowerCase instead
[Parent 19356, Gecko_IOThread] WARNING: pipe error: 109: file z:/build/build/src/ipc/chromium/src/chrome/common/ipc_channel_win.cc, line 332
[Parent 19356, Gecko_IOThread] WARNING: pipe error: 109: file z:/build/build/src/ipc/chromium/src/chrome/common/ipc_channel_win.cc, line 332
[Child 30088, Chrome_ChildThread] WARNING: pipe error: 109: file z:/build/build/src/ipc/chromium/src/chrome/common/ipc_channel_win.cc, line 332
[Child 30088, Chrome_ChildThread] WARNING: pipe error: 109: file z:/[Parent 19356, Gecko_IOThread] WARNING: pipe error: 109: file z:/build/build/src/ipc/chromium/src/chrome/common/ipc_channel_win.cc, line 332
[Child 35560, Chrome_ChildThread] WARNING: pipe error: 109: file z:/build/build/src/ipc/chromium/src/chrome/common/ipc_channel_win.cc, line 332
[Child 351552971079501	Marionette	INFO	Stopped listening on port 58166

###!!! [Child][MessageChannel::SendAndWait] Error: Channel error: cannot send/recv

chable code after return statement
JavaScript warning: https://cf.geekdo-static.com/static/js_master2_5c900b090cf3b.js, line 5207: unreachable code after return statement
JavaScript warning: https://cf.geekdo-static.com/static/js_master2_5c900b090cf3b.js, line 3856: String.toLowerCase is deprecated; use String.prototype.toLowerCase instead
[Parent 33612, Gecko_IOThread] WARNING: pipe error: 109: file z:/build/build/src/ipc/chromium/src/chrome/common/ipc_channel_win.cc, line 332
[Parent 33612, Gecko_IOThread] WARNING: pipe error: 109: file z:/build/build/src/ipc/chromium/src/chrome/common/ipc_channel_win.cc, line 332
[Parent 33612, Gecko_IOThread] WARNING: pipe error: 109: file z:/build/build/src/ipc/chromium/src/chrome/common/ipc_channel_win.cc, line 332
[Parent 33612, Gecko_IOThread] WARNING: file z:/build/build/src/ipc/chromium/src/base/process_util_win.cc, line 166
1552971079656	Marionette	INFO	Stopped listening on port 58297

###!!! [Child][RunMessage] Error: Channel closing: too late to send/recv, messages will be lost


###!!! [Child][MessageChannel::SendAndWait] Error: Channel error: cannot send/recv

 5021: unreachable code after return statement
JavaScript warning: https://cf.geekdo-static.com/static/js_master2_5c905a1517b99.js, line 5174: unreachable code after return statement
JavaScript warning: https://cf.geekdo-static.com/static/js_master2_5c905a1517b99.js, line 5207: unreachable code after return statement
JavaScript warning: https://cf.geekdo-static.com/static/js_master2_5c905a1517b99.js, line 3856: String.toLowerCase is deprecated; use String.prototype.toLowerCase instead
[Parent 11608, Gecko_IOThread] WARNING: pipe error: 109: file z:/build/build/src/ipc/chromium/src/chrome/common/ipc_channel_win.cc, line 332
[Parent 11608, Gecko_IOThread] WARNING: pipe error: 109: file z:/build/build/src/ipc/chromium/src/chrome/common/ipc_channel_win.cc, line 332
[Child 35044, Chrome_ChildThread] WARNING: pipe error: 109: file z:/build/build/src/ipc/chromium/src/chrome/common/ipc_channel_win.cc, line 332
[Child 31396, Chrome_ChildThread] WARNING: pipe error: 109: file z:/build/build/src/ipc/chromium/src/chrome/common/ipc_channel_win.cc, line 332
[Child 31396, Chrome_ChildThread] WARNING: pipe error: 109: file z:/build/build/src/ipc/chromium/src/chrome/common/ipc_channel_win.cc, line 332
[Parent 11608, Gecko_IOThread] WARNING: pipe error: 109: file z:/build/build/src/ipc/chromium/src/chrome/common/ipc_channel_win.cc, line 332
[Child 1184, Chrome_ChildThread] WARNING: pipe error: 109: file z:/build/build/src/ipc/chromium/src/chrome/common/ipc_channel_win.cc, line 332
[Chil1552971079630	Marionette	INFO	Stopped listening on port 58407

###!!! [Child][RunMessage] Error: Channel closing: too late to send/recv, messages will be lost


###!!! [Child][MessageChannel::SendAndWait] Error: Channel error: cannot send/recv

1552971101768	mozrunner::runner	INFO	Running command: "C:\\Program Files\\Mozilla Firefox\\firefox.exe" "-marionette" "-foreground" "-no-remote" "-profile" "C:\\Users\\mcron\\AppData\\Local\\Temp\\rust_mozprofile.aTZryLiQxixu"
1552971102608	addons.webextension.screenshots@mozilla.org	WARN	Loading extension 'screenshots@mozilla.org': Reading manifest: Invalid host permission: resource://pdf.js/
1552971102608	addons.webextension.screenshots@mozilla.org	WARN	Loading extension 'screenshots@mozilla.org': Reading manifest: Invalid host permission: about:reader*
1552971105201	Marionette	INFO	Listening on port 58603
1552971105722	Marionette	WARN	TLS certificate errors will be ignored for this session
JavaScript warning: https://cf.geekdo-static.com/static/js_master2_5c8fdd071284d.js, line 5021: unreachable code after return statement
JavaScript warning: https://cf.geekdo-static.com/static/js_master2_5c8fdd071284d.js, line 5174: unreachable code after return statement
JavaScript warning: https://cf.geekdo-static.com/static/js_master2_5c8fdd071284d.js, line 5207: unreachable code after return statement
JavaScript warning: https://cf.geekdo-static.com/static/js_master2_5c8fdd071284d.js, line 3856: String.toLowerCase is deprecated; use String.prototype.toLowerCase instead
1552971112082	Marionette	INFO	Stopped listening on port 58603
[Parent 19168, Gecko_IOThread] WARNING: pipe error: 109: file z:/build/build/src/ipc/chromium/src/chrome/common/ipc_channel_win.cc, line 332
[Parent 19168, Gecko_IOThread] WARNING: pipe error: 109: file z:/build/build/src/ipc/chromium/src/chrome/common/ipc_channel_win.cc, line 332
[Child 46104, Chrome_ChildThread] WARNING: pipe error: 109: file z:/build/build/src/ipc/chromium/src/chrome/common/ipc_channel_win.cc, line 332
[Child 46104, Chrome_[Parent 19168, Gecko_IOThread] WARNING: pipe error: 109: file z:/build/build/src/ipc/chromium/src/chrome/common/ipc_channel_win.cc, line 332
[Child 39432, Chrome_ChildThread] WARNING: pipe error: 109: file z:/build/build/src/ipc/chromium/src/chrome/common/ipc_channel_win.cc, line 332
[Chil[GPU
###!!! [Child][MessageChannel::SendAndWait] Error: Channel error: cannot send/recv

1552971330149	mozrunner::runner	INFO	Running command: "C:\\Program Files\\Mozilla Firefox\\firefox.exe" "-marionette" "-foreground" "-no-remote" "-profile" "C:\\Users\\mcron\\AppData\\Local\\Temp\\rust_mozprofile.gakIZRqj613Y"
1552971330940	addons.webextension.screenshots@mozilla.org	WARN	Loading extension 'screenshots@mozilla.org': Reading manifest: Invalid host permission: resource://pdf.js/
1552971330940	addons.webextension.screenshots@mozilla.org	WARN	Loading extension 'screenshots@mozilla.org': Reading manifest: Invalid host permission: about:reader*
1552971333741	Marionette	INFO	Listening on port 58898
1552971334061	Marionette	WARN	TLS certificate errors will be ignored for this session
JavaScript warning: https://cf.geekdo-static.com/static/js_master2_5c8ff41c7e26d.js, line 5021: unreachable code after return statement
JavaScript warning: https://cf.geekdo-static.com/static/js_master2_5c8ff41c7e26d.js, line 5174: unreachable code after return statement
JavaScript warning: https://cf.geekdo-static.com/static/js_master2_5c8ff41c7e26d.js, line 5207: unreachable code after return statement
JavaScript warning: https://cf.geekdo-static.com/static/js_master2_5c8ff41c7e26d.js, line 3856: String.toLowerCase is deprecated; use String.prototype.toLowerCase instead
[Parent 18824, Gecko_IOThread] WARNING: pipe error: 109: file z:/build/build/src/ipc/chromium/src/chrome/common/ipc_channel_win.cc, line 332
[Child 36912, Chrome_ChildThread] WARNING: pipe error: 109: file z:/build/build/src/ipc/chromium/src/chrome/common/ipc_channel_win.cc, line 332
[Child 36912, C[Parent 18824, Gecko_IOThread] WARNING: pipe error: 109: file z:/build/build/src/ipc/chromium/src/chrome/common/ipc_channel_win.cc, line 332
1552971402311	Marionette	INFO	Stopped listening on port 58898

###!!! [Child][RunMessage] Error: Channel closing: too late to send/recv, messages will be lost

[GPU 2
###!!! [Child][MessageChannel::SendAndWait] Error: Channel error: cannot send/recv

1552971409779	mozrunner::runner	INFO	Running command: "C:\\Program Files\\Mozilla Firefox\\firefox.exe" "-marionette" "-foreground" "-no-remote" "-profile" "C:\\Users\\mcron\\AppData\\Local\\Temp\\rust_mozprofile.W9qHCMi9rTYY"
1552971410540	addons.webextension.screenshots@mozilla.org	WARN	Loading extension 'screenshots@mozilla.org': Reading manifest: Invalid host permission: resource://pdf.js/
1552971410540	addons.webextension.screenshots@mozilla.org	WARN	Loading extension 'screenshots@mozilla.org': Reading manifest: Invalid host permission: about:reader*
1552971413352	Marionette	INFO	Listening on port 59035
1552971413671	Marionette	WARN	TLS certificate errors will be ignored for this session
JavaScript warning: https://cf.geekdo-static.com/static/js_master2_5c8ff41c7e26d.js, line 5021: unreachable code after return statement
JavaScript warning: https://cf.geekdo-static.com/static/js_master2_5c8ff41c7e26d.js, line 5174: unreachable code after return statement
JavaScript warning: https://cf.geekdo-static.com/static/js_master2_5c8ff41c7e26d.js, line 5207: unreachable code after return statement
JavaScript warning: https://cf.geekdo-static.com/static/js_master2_5c8ff41c7e26d.js, line 3856: String.toLowerCase is deprecated; use String.prototype.toLowerCase instead
console.error: BroadcastService: 
  receivedBroadcastMessage: handler for
  remote-settings/monitor_changes
  threw error:
  Message: Error: Polling for changes failed: NetworkError when attempting to fetch resource..
  Stack:
    remoteSettingsFunction/remoteSettings.pollChanges@resource://services-settings/remote-settings.js:188:13

[Child 20712, Chrome_ChildThread] WARNING: pipe error: 109: file z:/build/build/src/ipc/chromium/src/chrome/common/ipc_channel_win.cc, line 332
[Child 20712, Chrome_ChildThread] WARNING: pipe error: 109: file z:/build/build/src/ipc/chromium/src/chrome/common/ipc_channel_win.cc, line 332
1552971486427	Marionette	INFO	Stopped listening on port 59035

###!!! [Child][MessageChannel::SendAndWait] Error: Channel error: cannot send/recv

1552971574140	mozrunner::runner	INFO	Running command: "C:\\Program Files\\Mozilla Firefox\\firefox.exe" "-marionette" "-foreground" "-no-remote" "-profile" "C:\\Users\\mcron\\AppData\\Local\\Temp\\rust_mozprofile.DE2ixgA7akuM"
1552971574950	addons.webextension.screenshots@mozilla.org	WARN	Loading extension 'screenshots@mozilla.org': Reading manifest: Invalid host permission: resource://pdf.js/
1552971574950	addons.webextension.screenshots@mozilla.org	WARN	Loading extension 'screenshots@mozilla.org': Reading manifest: Invalid host permission: about:reader*
1552971577533	Marionette	INFO	Listening on port 59242
1552971578040	Marionette	WARN	TLS certificate errors will be ignored for this session
JavaScript warning: https://cf.geekdo-static.com/static/js_master2_5c8ff41c7e26d.js, line 5021: unreachable code after return statement
JavaScript warning: https://cf.geekdo-static.com/static/js_master2_5c8ff41c7e26d.js, line 5174: unreachable code after return statement
JavaScript warning: https://cf.geekdo-static.com/static/js_master2_5c8ff41c7e26d.js, line 5207: unreachable code after return statement
JavaScript warning: https://cf.geekdo-static.com/static/js_master2_5c8ff41c7e26d.js, line 3856: String.toLowerCase is deprecated; use String.prototype.toLowerCase instead
console.error: BroadcastService: 
  receivedBroadcastMessage: handler for
  remote-settings/monitor_changes
  threw error:
  Message: Error: Polling for changes failed: NetworkError when attempting to fetch resource..
  Stack:
    remoteSettingsFunction/remoteSettings.pollChanges@resource://services-settings/remote-settings.js:188:13

nifest: Invalid host permission: resource://pdf.js/
1552971606323	addons.webextension.screenshots@mozilla.org	WARN	Loading extension 'screenshots@mozilla.org': Reading manifest: Invalid host permission: about:reader*
1552971609435	Marionette	INFO	Listening on port 59341
1552971609938	Marionette	WARN	TLS certificate errors will be ignored for this session
JavaScript warning: https://cf.geekdo-static.com/static/js_master2_5c900b090cf3b.js, line 5021: unreachable code after return statement
JavaScript warning: https://cf.geekdo-static.com/static/js_master2_5c900b090cf3b.js, line 5174: unreachable code after return statement
JavaScript warning: https://cf.geekdo-static.com/static/js_master2_5c900b090cf3b.js, line 5207: unreachable code after return statement
JavaScript warning: https://cf.geekdo-static.com/static/js_master2_5c900b090cf3b.js, line 3856: String.toLowerCase is deprecated; use String.prototype.toLowerCase instead
1552971613648	Marionette	INFO	Stopped listening on port 59341
[Parent 17872, Gecko_IOThread] WARNING: pipe error: 109: file z:/build/build/src/ipc/chromium/src/chrome/common/ipc_channel_win.cc, line 332
[Child 31524, Chrome_ChildThread] WARNING: pipe error: 109: file z:/build/build/src/ipc/chromium/src/chrome/common/ipc_channel_win.cc, line 332
[Child 31524, Chrome_ChildThread] WARNING: pipe error: 109: file z:/build/build/src/ipc/chromium/src/chrome/common/ipc_channel_win.cc, line 332
[Parent 17872, Gecko_IOThread] WARNING: pipe error: 109: file z:/build/build/src/ipc/chromium/src/chrome/common/ipc_channel_win.cc, line 332
[Parent 17872, Gecko_IOThread] WARNING: pipe error: 109: file z:/build/build/src/ipc/chromium/src/chrome/common/ipc_channel_win.cc, line 332
[Child 24864, Chrome_ChildThread] WARNING: pipe error: 109: file z:/build/build/src/ipc/chromium/src/chrome/common/ipc_channel_win.cc, line 332
[Chil
###!!! [Child][MessageChannel::SendAndWait] Error: Channel error: cannot send/recv

1552971666007	mozrunner::runner	INFO	Running command: "C:\\Program Files\\Mozilla Firefox\\firefox.exe" "-marionette" "-foreground" "-no-remote" "-profile" "C:\\Users\\mcron\\AppData\\Local\\Temp\\rust_mozprofile.Gdky6rXlNg2w"
1552971666827	addons.webextension.screenshots@mozilla.org	WARN	Loading extension 'screenshots@mozilla.org': Reading manifest: Invalid host permission: resource://pdf.js/
1552971666828	addons.webextension.screenshots@mozilla.org	WARN	Loading extension 'screenshots@mozilla.org': Reading manifest: Invalid host permission: about:reader*
1552971669575	Marionette	INFO	Listening on port 59448
1552971669913	Marionette	WARN	TLS certificate errors will be ignored for this session
JavaScript warning: https://cf.geekdo-static.com/static/js_master2_5c900b090cf3b.js, line 5021: unreachable code after return statement
JavaScript warning: https://cf.geekdo-static.com/static/js_master2_5c900b090cf3b.js, line 5174: unreachable code after return statement
JavaScript warning: https://cf.geekdo-static.com/static/js_master2_5c900b090cf3b.js, line 5207: unreachable code after return statement
JavaScript warning: https://cf.geekdo-static.com/static/js_master2_5c900b090cf3b.js, line 3856: String.toLowerCase is deprecated; use String.prototype.toLowerCase instead
1552971674344	Marionette	INFO	Stopped listening on port 59448
[Parent 44488, Gecko_IOThread] WARNING: pipe error: 109: file z:/build/build/src/ipc/chromium/src/chrome/common/ipc_channel_win.cc, line 332
[Child 29996, Chrome_ChildThread] WARNING: pipe error: 109: file z:/build/build/src/ipc/chromium/src/chrome/common/ipc_channel_win.cc, line 332
[Child 29996, [Parent 44488, Gecko_IOThread] WARNING: pipe error: 109: file z:/build/build/src/ipc/chromium/src/chrome/common/ipc_channel_win.cc, line 332

###!!! [Child][MessageChannel::SendAndWait] Error: Channel error: cannot send/recv

1552971711598	mozrunner::runner	INFO	Running command: "C:\\Program Files\\Mozilla Firefox\\firefox.exe" "-marionette" "-foreground" "-no-remote" "-profile" "C:\\Users\\mcron\\AppData\\Local\\Temp\\rust_mozprofile.L8yu4mu4osfH"
1552971712426	addons.webextension.screenshots@mozilla.org	WARN	Loading extension 'screenshots@mozilla.org': Reading manifest: Invalid host permission: resource://pdf.js/
1552971712427	addons.webextension.screenshots@mozilla.org	WARN	Loading extension 'screenshots@mozilla.org': Reading manifest: Invalid host permission: about:reader*
1552971715325	Marionette	INFO	Listening on port 59535
1552971715537	Marionette	WARN	TLS certificate errors will be ignored for this session
JavaScript warning: https://cf.geekdo-static.com/static/js_master2_5c8ff41c7e26d.js, line 5021: unreachable code after return statement
JavaScript warning: https://cf.geekdo-static.com/static/js_master2_5c8ff41c7e26d.js, line 5174: unreachable code after return statement
JavaScript warning: https://cf.geekdo-static.com/static/js_master2_5c8ff41c7e26d.js, line 5207: unreachable code after return statement
JavaScript warning: https://cf.geekdo-static.com/static/js_master2_5c8ff41c7e26d.js, line 3856: String.toLowerCase is deprecated; use String.prototype.toLowerCase instead
console.error: BroadcastService: 
  receivedBroadcastMessage: handler for
  remote-settings/monitor_changes
  threw error:
  Message: Error: Polling for changes failed: NetworkError when attempting to fetch resource..
  Stack:
    remoteSettingsFunction/remoteSettings.pollChanges@resource://services-settings/remote-settings.js:188:13

JavaScript warning: https://cf.geekdo-static.com/static/js_master2_5c905a1517b99.js, line 5021: unreachable code after return statement
JavaScript warning: https://cf.geekdo-static.com/static/js_master2_5c905a1517b99.js, line 5174: unreachable code after return statement
JavaScript warning: https://cf.geekdo-static.com/static/js_master2_5c905a1517b99.js, line 5207: unreachable code after return statement
JavaScript warning: https://cf.geekdo-static.com/static/js_master2_5c905a1517b99.js, line 3856: String.toLowerCase is deprecated; use String.prototype.toLowerCase instead
JavaScript warning: https://cf.geekdo-static.com/static/js_master2_5c8ff41c7e26d.js, line 5021: unreachable code after return statement
JavaScript warning: https://cf.geekdo-static.com/static/js_master2_5c8ff41c7e26d.js, line 5174: unreachable code after return statement
JavaScript warning: https://cf.geekdo-static.com/static/js_master2_5c8ff41c7e26d.js, line 5207: unreachable code after return statement
JavaScript warning: https://cf.geekdo-static.com/static/js_master2_5c8ff41c7e26d.js, line 3856: String.toLowerCase is deprecated; use String.prototype.toLowerCase instead
ome_ChildThread] WARNING: pipe error: 109: file z:/build/build/src/ipc/chromium/src/chrome/common/ipc_channel_win.cc, line 332
[Child 24756, Chrome_ChildThread] WARNING: pipe error: 1JavaScript error: resource://gre/modules/WebProgressChild.jsm, line 58: TypeError: this.mm.content is n[Parent 28668, Gecko_IOThread] WARNING: pipe error: 109: file z:/build/build/src/iupc/chromium/src/lclh
rome/common/ipc_channel_win.cc, line 332
[Child 18832, Chrome_ChildThread] WARNING: pipe error: 109: file z:/build/build/src/ipc/chromium/src/chrome/common/ipc_channel_win.cc, line 332

###!!! [Child][MessageChannel] Error: (msgtype=0x5F0029,name=PNecko::Msg_RemoveRequestContext) Channel closing: too late to send/recv, messages will be lost

[Child 18832, Chrome_ChildThread] WARNING: pipe error: 109: file z:/build/bu
###!!! [Child][MessageChannel] Error: (msgtype=0x3500B9,name=PContent::Msg_ScriptError) Channel closing: too late to send/recv, messages will be lost

ild/src/ipc/chromium/src/chrome/common/ipc_channel_win.cc, li[nParent 28e6 638, Gecko_IOThread] W3A2R
NING: pipe error: 109: file z:/build/build/src/ipc/chromium/src/chrome/common/ipc_channel_win.cc, line 332

###!!! [Child][RunMessage] Error: Channel closing: too late to send/recv, messages will be lost


###!!! [Child][MessageChannel] Error: (msgtype=0x520006,name=PHttpChannel::Msg_Redirect2Verify) Channel closing: too late to send/recv, messages will be lost


###!!! [Child][RunMessage] Error: Channel closing: too late to send/recv, messages will be lost

[G
###!!! [Child][MessageChannel::SendAndWait] Error: Channel error: cannot send/recv

1552972190260	mozrunner::runner	INFO	Running command: "C:\\Program Files\\Mozilla Firefox\\firefox.exe" "-marionette" "-foreground" "-no-remote" "-profile" "C:\\Users\\mcron\\AppData\\Local\\Temp\\rust_mozprofile.5Jm0x6sy43gA"
1552972191025	addons.webextension.screenshots@mozilla.org	WARN	Loading extension 'screenshots@mozilla.org': Reading manifest: Invalid host permission: resource://pdf.js/
1552972191025	addons.webextension.screenshots@mozilla.org	WARN	Loading extension 'screenshots@mozilla.org': Reading manifest: Invalid host permission: about:reader*
1552972193674	Marionette	INFO	Listening on port 60347
1552972194182	Marionette	WARN	TLS certificate errors will be ignored for this session
JavaScript warning: https://cf.geekdo-static.com/static/js_master2_5c8ff41c7e26d.js, line 5021: unreachable code after return statement
JavaScript warning: https://cf.geekdo-static.com/static/js_master2_5c8ff41c7e26d.js, line 5174: unreachable code after return statement
JavaScript warning: https://cf.geekdo-static.com/static/js_master2_5c8ff41c7e26d.js, line 5207: unreachable code after return statement
JavaScript warning: https://cf.geekdo-static.com/static/js_master2_5c8ff41c7e26d.js, line 3856: String.toLowerCase is deprecated; use String.prototype.toLowerCase instead
console.error: BroadcastService: 
  receivedBroadcastMessage: handler for
  remote-settings/monitor_changes
  threw error:
  Message: Error: Polling for changes failed: NetworkError when attempting to fetch resource..
  Stack:
    remoteSettingsFunction/remoteSettings.pollChanges@resource://services-settings/remote-settings.js:188:13

nifest: Invalid host permission: resource://pdf.js/
1552972294313	addons.webextension.screenshots@mozilla.org	WARN	Loading extension 'screenshots@mozilla.org': Reading manifest: Invalid host permission: about:reader*
1552972297193	Marionette	INFO	Listening on port 60512
1552972297465	Marionette	WARN	TLS certificate errors will be ignored for this session
JavaScript warning: https://cf.geekdo-static.com/static/js_master2_5c8ff41c7e26d.js, line 5021: unreachable code after return statement
JavaScript warning: https://cf.geekdo-static.com/static/js_master2_5c8ff41c7e26d.js, line 5174: unreachable code after return statement
JavaScript warning: https://cf.geekdo-static.com/static/js_master2_5c8ff41c7e26d.js, line 5207: unreachable code after return statement
JavaScript warning: https://cf.geekdo-static.com/static/js_master2_5c8ff41c7e26d.js, line 3856: String.toLowerCase is deprecated; use String.prototype.toLowerCase instead
console.error: BroadcastService: 
  receivedBroadcastMessage: handler for
  remote-settings/monitor_changes
  threw error:
  Message: Error: Polling for changes failed: NetworkError when attempting to fetch resource..
  Stack:
    remoteSettingsFunction/remoteSettings.pollChanges@resource://services-settings/remote-settings.js:188:13

nifest: Invalid host permission: resource://pdf.js/
1552972321200	addons.webextension.screenshots@mozilla.org	WARN	Loading extension 'screenshots@mozilla.org': Reading manifest: Invalid host permission: about:reader*
1552972324626	Marionette	INFO	Listening on port 60607
1552972324879	Marionette	WARN	TLS certificate errors will be ignored for this session
JavaScript warning: https://cf.geekdo-static.com/static/js_master2_5c8ff41c7e26d.js, line 5021: unreachable code after return statement
JavaScript warning: https://cf.geekdo-static.com/static/js_master2_5c8ff41c7e26d.js, line 5174: unreachable code after return statement
JavaScript warning: https://cf.geekdo-static.com/static/js_master2_5c8ff41c7e26d.js, line 5207: unreachable code after return statement
JavaScript warning: https://cf.geekdo-static.com/static/js_master2_5c8ff41c7e26d.js, line 3856: String.toLowerCase is deprecated; use String.prototype.toLowerCase instead
1552972329641	Marionette	INFO	Stopped listening on port 60607
[Parent 43096, Gecko_IOThread] WARNING: pipe error: 109: file z:/build/build/src/ipc/chromium/src/chrome/common/ipc_channel_win.cc, line 332
[Child 26944, Chrome_ChildThread] WARNING: pipe error: 109: file z:/build/build/src/ipc/chromium/src/chrome/common/ipc_channel_win.cc, line 332
[Child 26944, Chrome_ChildThread] WARNING: pipe error: 109: file z:/build/build/src/ipc/chromium/src/chrome/common[Parent 43096, Gecko_IOThread] WARNING: pipe error: 109: file z:/build/build/src/ipc/chromium/src/chrome/common/ipc_channel_win.cc, line 332
[Child 25784, Chrome_ChildThread] WARNING: pipe error: 109: file z:/build/build/src/ipc/chromium/src/chrome/common/ipc_channel_win.cc, line 332
[Child 25784, Chrome_[Parent 43096, Gecko_IOThread] WARNING: pipe error: 109: file z:/build/build/src/ipc/chromium/src/chrome/common/ipc_channel_win.cc, line 332
[Child 15332, Chrome_ChildThread] WARNING: pipe error: 109: file z:/build/build/src/ipc/chromium/src/chrome/common/ipc_channel_win.cc, line 332
[Child[GPU 182
###!!! [Child][MessageChannel::SendAndWait] Error: Channel error: cannot send/recv

1552972409222	mozrunner::runner	INFO	Running command: "C:\\Program Files\\Mozilla Firefox\\firefox.exe" "-marionette" "-foreground" "-no-remote" "-profile" "C:\\Users\\mcron\\AppData\\Local\\Temp\\rust_mozprofile.6Xm9NwhbVaid"
1552972410136	addons.webextension.screenshots@mozilla.org	WARN	Loading extension 'screenshots@mozilla.org': Reading manifest: Invalid host permission: resource://pdf.js/
1552972410136	addons.webextension.screenshots@mozilla.org	WARN	Loading extension 'screenshots@mozilla.org': Reading manifest: Invalid host permission: about:reader*
1552972413058	Marionette	INFO	Listening on port 60789
1552972413192	Marionette	WARN	TLS certificate errors will be ignored for this session
JavaScript warning: https://cf.geekdo-static.com/static/js_master2_5c905a1517b99.js, line 5021: unreachable code after return statement
JavaScript warning: https://cf.geekdo-static.com/static/js_master2_5c905a1517b99.js, line 5174: unreachable code after return statement
JavaScript warning: https://cf.geekdo-static.com/static/js_master2_5c905a1517b99.js, line 5207: unreachable code after return statement
JavaScript warning: https://cf.geekdo-static.com/static/js_master2_5c905a1517b99.js, line 3856: String.toLowerCase is deprecated; use String.prototype.toLowerCase instead
1552972418193	Marionette	INFO	Stopped listening on port 60789
[Parent 13444, Gecko_IOThread] WARNING: pipe error: 109: file z:/build/build/src/ipc/chromium/src/chrome/common/ipc_channel_win.cc, line 332

###!!! [Child][RunMessage] Error: Channel closing: too late to send/recv, messages will be lost

[GPU 
###!!! [Child][MessageChannel::SendAndWait] Error: Channel error: cannot send/recv

1552972599612	mozrunner::runner	INFO	Running command: "C:\\Program Files\\Mozilla Firefox\\firefox.exe" "-marionette" "-foreground" "-no-remote" "-profile" "C:\\Users\\mcron\\AppData\\Local\\Temp\\rust_mozprofile.qvUIyqOFo7ST"
1552972600548	addons.webextension.screenshots@mozilla.org	WARN	Loading extension 'screenshots@mozilla.org': Reading manifest: Invalid host permission: resource://pdf.js/
1552972600548	addons.webextension.screenshots@mozilla.org	WARN	Loading extension 'screenshots@mozilla.org': Reading manifest: Invalid host permission: about:reader*
1552972603288	Marionette	INFO	Listening on port 61046
1552972603550	Marionette	WARN	TLS certificate errors will be ignored for this session
JavaScript warning: https://cf.geekdo-static.com/static/js_master2_5c8ff41c7e26d.js, line 5021: unreachable code after return statement
JavaScript warning: https://cf.geekdo-static.com/static/js_master2_5c8ff41c7e26d.js, line 5174: unreachable code after return statement
JavaScript warning: https://cf.geekdo-static.com/static/js_master2_5c8ff41c7e26d.js, line 5207: unreachable code after return statement
JavaScript warning: https://cf.geekdo-static.com/static/js_master2_5c8ff41c7e26d.js, line 3856: String.toLowerCase is deprecated; use String.prototype.toLowerCase instead
1552972607625	Marionette	INFO	Stopped listening on port 61046
[Parent 37576, Gecko_IOThread] WARNING: pipe error: 109: file z:/build/build/src/ipc/chromium/src/chrome/common/ipc_channel_win.cc, line 332
[Child 44908, Chrome_ChildThread] WARNING: pipe error: 109: file z:/build/build/src/ipc/chromium/src/chrome/common/ipc_channel_win.cc, line 332
[Child 44908, [Child 33736, Chrome_ChildThread] WARNING: pipe error: 109: file z:/build/build/src/ipc/chromium/src/chrome/common/ipc_channel_win.cc, line 332
[Child 33736, Chrome_Ch[Parent 37576, Gecko_IOThread] WARNING: pipe error: 109: file z:/build/build/src/ipc/chromium/src/chrome/common/ipc_channel_win.cc, line 332
[Child 16136, Chrome_ChildThread] WARNING: pipe error: 109: file z:/build/build/src/ipc/chromium/src/chrome/common/ipc_channel_win.cc, line 332
[Child
###!!! [Child][RunMessage] Error: Channel closing: too late to send/recv, messages will be lost


###!!! [Child][MessageChannel::SendAndWait] Error: Channel error: cannot send/recv

1552972628418	mozrunner::runner	INFO	Running command: "C:\\Program Files\\Mozilla Firefox\\firefox.exe" "-marionette" "-foreground" "-no-remote" "-profile" "C:\\Users\\mcron\\AppData\\Local\\Temp\\rust_mozprofile.6pSuXDVPHDqO"
1552972629262	addons.webextension.screenshots@mozilla.org	WARN	Loading extension 'screenshots@mozilla.org': Reading manifest: Invalid host permission: resource://pdf.js/
1552972629262	addons.webextension.screenshots@mozilla.org	WARN	Loading extension 'screenshots@mozilla.org': Reading manifest: Invalid host permission: about:reader*
1552972631836	Marionette	INFO	Listening on port 61144
1552972632333	Marionette	WARN	TLS certificate errors will be ignored for this session
JavaScript warning: https://cf.geekdo-static.com/static/js_master2_5c8ff41c7e26d.js, line 5021: unreachable code after return statement
JavaScript warning: https://cf.geekdo-static.com/static/js_master2_5c8ff41c7e26d.js, line 5174: unreachable code after return statement
JavaScript warning: https://cf.geekdo-static.com/static/js_master2_5c8ff41c7e26d.js, line 5207: unreachable code after return statement
JavaScript warning: https://cf.geekdo-static.com/static/js_master2_5c8ff41c7e26d.js, line 3856: String.toLowerCase is deprecated; use String.prototype.toLowerCase instead
1552972636231	Marionette	INFO	Stopped listening on port 61144
[Parent 45624, Gecko_IOThread] WARNING: pipe error: 109: file z:/build/build/src/ipc/chromium/src/chrome/common/ipc_channel_win.cc, line 332
[Child 15608, Chrome_ChildThread] WARNING: pipe error: 109: file z:/build/build/src/ipc/chromium/src/chrome/common/ipc_channel_win.cc, line 332
[Child 15608, Chrome_ChildThread] WARNING: pipe error: 109: file z:/build/b[Parent 45624, Gecko_IOThread] WARNING: pipe error: 109: file z:/build/build/src/ipc/chromium/src/chrome/common/ipc_channel_win.cc, line 332
[Child 19048, Chrome_ChildThread] WARNING: pipe error: 109: file z:/build/build/src/ipc/chromium/src/chrome/common/ipc_channel_win.cc, line 332
[Child [Parent 45624, Gecko_IOThread] WARNING: pipe error: 109: file z:/build/build/src/ipc/chromium/src/chrome/common/ipc_channel_win.cc, line 332
[Child 48028, Chrome_ChildThread] WARNING: pipe error: 109: file z:/build/build/src/ipc/chromium/src/chrome/common/ipc_channel_win.cc, line 332
[Child[GPU
###!!! [Child][MessageChannel::SendAndWait] Error: Channel error: cannot send/recv

